选择初始化DBLP分布式存储: no
作者姓名：Zhen Gao
起始年份：*
截止年份：*
是否索引：未使用索引
查询结果：135
查询用时：8.83 s

作者姓名：Zhen Gao
起始年份：*
截止年份：*
是否索引：使用索引
查询结果：135
查询用时：0.53 s
=========================
客户端退出.
=========================
选择初始化DBLP分布式存储: no
作者姓名：xit
起始年份：*
截止年份：*
是否索引：未使用索引
查询结果：0
查询用时：8.83 s

作者姓名：xit
起始年份：*
截止年份：*
是否索引：使用索引
查询结果：0
查询用时：0.42 s
=========================
=========================
选择初始化DBLP分布式存储: no
作者姓名：Zhen Gao
起始年份：*
截止年份：*
是否索引：未使用索引
查询结果：135
查询用时：8.89 s

作者姓名：Zhen Gao
起始年份：*
截止年份：*
是否索引：使用索引
查询结果：135
查询用时：0.44 s
=========================
作者姓名：Zhen Gao
起始年份：*
截止年份：2021
是否索引：未使用索引
查询结果：74
查询用时：8.86 s

作者姓名：Zhen Gao
起始年份：*
截止年份：2021
是否索引：使用索引
查询结果：74
查询用时：0.51 s
=========================
作者姓名：Zhen Gao
起始年份：2022
截止年份：*
是否索引：未使用索引
查询结果：62
查询用时：8.80 s

作者姓名：Zhen Gao
起始年份：2022
截止年份：*
是否索引：使用索引
查询结果：62
查询用时：0.45 s
=========================
作者姓名：Alon Y. Levy
起始年份：1998
截止年份：1999
是否索引：未使用索引
查询结果：35
查询用时：8.84 s

作者姓名：Alon Y. Levy
起始年份：1998
截止年份：1999
是否索引：使用索引
查询结果：35
查询用时：0.48 s
=========================
作者姓名：Zhen Gao
起始年份：*
截止年份：*
是否索引：未使用索引
查询结果：114
查询用时：14.02 s

作者姓名：Zhen Gao
起始年份：*
截止年份：*
是否索引：使用索引
查询结果：114
查询用时：0.71 s
=========================
=========================
选择初始化DBLP分布式存储: no
作者姓名：Zhen Gao
起始年份：*
截止年份：*
是否索引：未使用索引
查询结果：114
查询用时：14.00 s

作者姓名：Zhen Gao
起始年份：*
截止年份：*
是否索引：使用索引
查询结果：114
查询用时：0.71 s
=========================
=========================
选择初始化DBLP分布式存储: no
作者姓名：Zhen Gao
起始年份：*
截止年份：*
是否索引：未使用索引
查询结果：135
查询用时：12.76 s

作者姓名：Zhen Gao
起始年份：*
截止年份：*
是否索引：使用索引
查询结果：135
查询用时：0.89 s
=========================
作者姓名：Zhen Gao
起始年份：*
截止年份：*
是否索引：未使用索引
查询结果：105
查询用时：14.04 s

作者姓名：Zhen Gao
起始年份：*
截止年份：*
是否索引：使用索引
查询结果：105
查询用时：0.82 s
=========================
作者姓名：Zhen Gao
起始年份：*
截止年份：*
是否索引：未使用索引
查询结果：114
查询用时：14.41 s

作者姓名：Zhen Gao
起始年份：*
截止年份：*
是否索引：使用索引
查询结果：114
查询用时：0.81 s
=========================
=========================
选择初始化DBLP分布式存储: no
作者姓名：Zhen Gao
起始年份：*
截止年份：*
是否索引：未使用索引
查询结果：111
查询用时：14.30 s

作者姓名：Zhen Gao
起始年份：*
截止年份：*
是否索引：使用索引
查询结果：111
查询用时：0.70 s
=========================
=========================
选择初始化DBLP分布式存储: no
作者姓名：Zhen Gao
起始年份：*
截止年份：*
是否索引：未使用索引
查询结果：101
查询用时：8.85 s

作者姓名：Zhen Gao
起始年份：*
截止年份：*
是否索引：使用索引
查询结果：101
查询用时：0.41 s
=========================
=========================
选择初始化DBLP分布式存储: no
作者姓名：Zhen Gao
起始年份：*
截止年份：*
是否索引：未使用索引
查询结果：135
查询用时：14.11 s

作者姓名：Zhen Gao
起始年份：*
截止年份：*
是否索引：使用索引
查询结果：135
查询用时：0.65 s
=========================
作者姓名：Zhen Gao
起始年份：*
截止年份：*
是否索引：未使用索引
查询结果：135
查询用时：14.07 s

作者姓名：Zhen Gao
起始年份：*
截止年份：*
是否索引：使用索引
查询结果：135
查询用时：0.72 s
=========================
=========================
选择初始化DBLP分布式存储: no
作者姓名：Zhen Gao
起始年份：*
截止年份：*
是否索引：未使用索引
查询结果：135
查询用时：14.18 s

作者姓名：Zhen Gao
起始年份：*
截止年份：*
是否索引：使用索引
查询结果：135
查询用时：0.66 s
=========================
作者姓名：Zhen Gao
起始年份：*
截止年份：*
是否索引：未使用索引
查询结果：135
查询用时：10.49 s

作者姓名：Zhen Gao
起始年份：*
截止年份：*
是否索引：使用索引
查询结果：135
查询用时：0.87 s
=========================
作者姓名：ZHEN Gao
起始年份：*
截止年份：*
是否索引：未使用索引
查询结果：0
查询用时：10.83 s

作者姓名：ZHEN Gao
起始年份：*
截止年份：*
是否索引：使用索引
查询结果：0
查询用时：0.86 s
=========================
作者姓名：ZHEN Gao
起始年份：*
截止年份：*
是否索引：未使用索引
查询结果：0
查询用时：10.06 s

作者姓名：ZHEN Gao
起始年份：*
截止年份：*
是否索引：使用索引
查询结果：0
查询用时：0.62 s
=========================
